<html>
<head>
<title>TestNG:  Test3</title>
<link href="../testng.css" rel="stylesheet" type="text/css" />
<link href="../my-testng.css" rel="stylesheet" type="text/css" />

<style type="text/css">
.log { display: none;} 
.stack-trace { display: none;} 
</style>
<script type="text/javascript">
<!--
function flip(e) {
  current = e.style.display;
  if (current == 'block') {
    e.style.display = 'none';
    return 0;
  }
  else {
    e.style.display = 'block';
    return 1;
  }
}

function toggleBox(szDivId, elem, msg1, msg2)
{
  var res = -1;  if (document.getElementById) {
    res = flip(document.getElementById(szDivId));
  }
  else if (document.all) {
    // this is the way old msie versions work
    res = flip(document.all[szDivId]);
  }
  if(elem) {
    if(res == 0) elem.innerHTML = msg1; else elem.innerHTML = msg2;
  }

}

function toggleAllBoxes() {
  if (document.getElementsByTagName) {
    d = document.getElementsByTagName('div');
    for (i = 0; i < d.length; i++) {
      if (d[i].className == 'log') {
        flip(d[i]);
      }
    }
  }
}

// -->
</script>

</head>
<body>
<h2 align='center'>Test3</h2><table border='1' align="center">
<tr>
<td>Tests passed/Failed/Skipped:</td><td>7/1/0</td>
</tr><tr>
<td>Started on:</td><td>Fri Oct 09 10:14:28 IST 2015</td>
</tr>
<tr><td>Total time:</td><td>65 seconds (65149 ms)</td>
</tr><tr>
<td>Included groups:</td><td></td>
</tr><tr>
<td>Excluded groups:</td><td></td>
</tr>
</table><p/>
<small><i>(Hover the method name to see the test class name)</i></small><p/>
<table width='100%' border='1' class='invocation-failed'>
<tr><td colspan='4' align='center'><b>FAILED TESTS</b></td></tr>
<tr><td><b>Test method</b></td>
<td width="30%"><b>Exception</b></td>
<td width="10%"><b>Time (seconds)</b></td>
<td><b>Instance</b></td>
</tr>
<tr>
<td title='SearchSpa.Book_Details()'><b>Book_Details</b><br>Test class: SearchSpa</td>
<td><div><pre>org.openqa.selenium.NoSuchElementException: An element could not be located on the page using the given search parameters. (WARNING: The server did not provide any stacktrace information)
Command duration or timeout: 16.51 seconds
For documentation on this error, please visit: http://seleniumhq.org/exceptions/no_such_element.html
Build info: version: &apos;2.47.1&apos;, revision: &apos;411b314&apos;, time: &apos;2015-07-30 03:03:16&apos;
System info: host: &apos;POPTesting-PC&apos;, ip: &apos;10.10.6.122&apos;, os.name: &apos;Windows 7&apos;, os.arch: &apos;amd64&apos;, os.version: &apos;6.1&apos;, java.version: &apos;1.7.0_60&apos;
*** Element info: {Using=-android uiautomator, value=new UiScrollable(new UiSelector().scrollable(true).instance(0)).scrollIntoView(new UiSelector().description(&quot;Person Details&quot;).instance(0));new UiScrollable(new UiSelector().scrollable(true).instance(0)).scrollIntoView(new UiSelector().text(&quot;Person Details&quot;).instance(0));}
Session ID: 2894f3e1-5c0d-45f4-8bfc-4621c6786c34
Driver info: io.appium.java_client.android.AndroidDriver
Capabilities [{platformVersion=5.0.2, app=E:\apk\Unicorn\Unicorn_v0.4.apk, platform=LINUX, databaseEnabled=false, javascriptEnabled=true, deviceName=HT35JW912039, platformName=Android, browserName=, app-package=com.popcorn.unicorn, webStorageEnabled=false, networkConnectionEnabled=true, app-activity=com.popcorn.unicorn.MainActivity, desired={app=E:\apk\Unicorn\Unicorn_v0.4.apk, platformVersion=5.1.1, platformName=Android, deviceName=emulator-5554, browserName=, app-package=com.popcorn.unicorn, app-activity=com.popcorn.unicorn.MainActivity}, locationContextEnabled=false, warnings={}, takesScreenshot=true}]
	at org.openqa.selenium.remote.ErrorHandler.createThrowable(ErrorHandler.java:206)
	at org.openqa.selenium.remote.ErrorHandler.throwIfResponseFailed(ErrorHandler.java:158)
	at org.openqa.selenium.remote.RemoteWebDriver.execute(RemoteWebDriver.java:595)
	at io.appium.java_client.DefaultGenericMobileDriver.execute(DefaultGenericMobileDriver.java:42)
	at io.appium.java_client.AppiumDriver.execute(AppiumDriver.java:1)
	at io.appium.java_client.android.AndroidDriver.execute(AndroidDriver.java:1)
	at org.openqa.selenium.remote.RemoteWebDriver.findElement(RemoteWebDriver.java:348)
	at io.appium.java_client.android.AndroidDriver.findElementByAndroidUIAutomator(AndroidDriver.java:334)
	at io.appium.java_client.android.AndroidDriver.scrollToExact(AndroidDriver.java:112)
	at SearchSpa.Book_Details(SearchSpa.java:220)
... Removed 28 stack frames</pre></div><a href='#' onClick='toggleBox("stack-trace1434615677", this, "Click to show all stack frames", "Click to hide stack frames")'>Click to show all stack frames</a>
<div class='stack-trace' id='stack-trace1434615677'><pre>org.openqa.selenium.NoSuchElementException: An element could not be located on the page using the given search parameters. (WARNING: The server did not provide any stacktrace information)
Command duration or timeout: 16.51 seconds
For documentation on this error, please visit: http://seleniumhq.org/exceptions/no_such_element.html
Build info: version: &apos;2.47.1&apos;, revision: &apos;411b314&apos;, time: &apos;2015-07-30 03:03:16&apos;
System info: host: &apos;POPTesting-PC&apos;, ip: &apos;10.10.6.122&apos;, os.name: &apos;Windows 7&apos;, os.arch: &apos;amd64&apos;, os.version: &apos;6.1&apos;, java.version: &apos;1.7.0_60&apos;
*** Element info: {Using=-android uiautomator, value=new UiScrollable(new UiSelector().scrollable(true).instance(0)).scrollIntoView(new UiSelector().description(&quot;Person Details&quot;).instance(0));new UiScrollable(new UiSelector().scrollable(true).instance(0)).scrollIntoView(new UiSelector().text(&quot;Person Details&quot;).instance(0));}
Session ID: 2894f3e1-5c0d-45f4-8bfc-4621c6786c34
Driver info: io.appium.java_client.android.AndroidDriver
Capabilities [{platformVersion=5.0.2, app=E:\apk\Unicorn\Unicorn_v0.4.apk, platform=LINUX, databaseEnabled=false, javascriptEnabled=true, deviceName=HT35JW912039, platformName=Android, browserName=, app-package=com.popcorn.unicorn, webStorageEnabled=false, networkConnectionEnabled=true, app-activity=com.popcorn.unicorn.MainActivity, desired={app=E:\apk\Unicorn\Unicorn_v0.4.apk, platformVersion=5.1.1, platformName=Android, deviceName=emulator-5554, browserName=, app-package=com.popcorn.unicorn, app-activity=com.popcorn.unicorn.MainActivity}, locationContextEnabled=false, warnings={}, takesScreenshot=true}]
	at sun.reflect.NativeConstructorAccessorImpl.newInstance0(Native Method)
	at sun.reflect.NativeConstructorAccessorImpl.newInstance(Unknown Source)
	at sun.reflect.DelegatingConstructorAccessorImpl.newInstance(Unknown Source)
	at java.lang.reflect.Constructor.newInstance(Unknown Source)
	at org.openqa.selenium.remote.ErrorHandler.createThrowable(ErrorHandler.java:206)
	at org.openqa.selenium.remote.ErrorHandler.throwIfResponseFailed(ErrorHandler.java:158)
	at org.openqa.selenium.remote.RemoteWebDriver.execute(RemoteWebDriver.java:595)
	at io.appium.java_client.DefaultGenericMobileDriver.execute(DefaultGenericMobileDriver.java:42)
	at io.appium.java_client.AppiumDriver.execute(AppiumDriver.java:1)
	at io.appium.java_client.android.AndroidDriver.execute(AndroidDriver.java:1)
	at org.openqa.selenium.remote.RemoteWebDriver.findElement(RemoteWebDriver.java:348)
	at io.appium.java_client.android.AndroidDriver.findElementByAndroidUIAutomator(AndroidDriver.java:334)
	at io.appium.java_client.android.AndroidDriver.scrollToExact(AndroidDriver.java:112)
	at SearchSpa.Book_Details(SearchSpa.java:220)
	at sun.reflect.NativeMethodAccessorImpl.invoke0(Native Method)
	at sun.reflect.NativeMethodAccessorImpl.invoke(Unknown Source)
	at sun.reflect.DelegatingMethodAccessorImpl.invoke(Unknown Source)
	at java.lang.reflect.Method.invoke(Unknown Source)
	at org.testng.internal.MethodInvocationHelper.invokeMethod(MethodInvocationHelper.java:84)
	at org.testng.internal.Invoker.invokeMethod(Invoker.java:714)
	at org.testng.internal.Invoker.invokeTestMethod(Invoker.java:901)
	at org.testng.internal.Invoker.invokeTestMethods(Invoker.java:1231)
	at org.testng.internal.TestMethodWorker.invokeTestMethods(TestMethodWorker.java:127)
	at org.testng.internal.TestMethodWorker.run(TestMethodWorker.java:111)
	at org.testng.TestRunner.privateRun(TestRunner.java:767)
	at org.testng.TestRunner.run(TestRunner.java:617)
	at org.testng.SuiteRunner.runTest(SuiteRunner.java:334)
	at org.testng.SuiteRunner.runSequentially(SuiteRunner.java:329)
	at org.testng.SuiteRunner.privateRun(SuiteRunner.java:291)
	at org.testng.SuiteRunner.run(SuiteRunner.java:240)
	at org.testng.SuiteRunnerWorker.runSuite(SuiteRunnerWorker.java:52)
	at org.testng.SuiteRunnerWorker.run(SuiteRunnerWorker.java:86)
	at org.testng.TestNG.runSuitesSequentially(TestNG.java:1224)
	at org.testng.TestNG.runSuitesLocally(TestNG.java:1149)
	at org.testng.TestNG.run(TestNG.java:1057)
	at org.testng.remote.RemoteTestNG.run(RemoteTestNG.java:111)
	at org.testng.remote.RemoteTestNG.initAndRun(RemoteTestNG.java:204)
	at org.testng.remote.RemoteTestNG.main(RemoteTestNG.java:175)
</pre></div></td>
<td>16</td>
<td>SearchSpa@145c38c1</td></tr>
</table><p>
<table width='100%' border='1' class='invocation-passed'>
<tr><td colspan='4' align='center'><b>PASSED TESTS</b></td></tr>
<tr><td><b>Test method</b></td>
<td width="30%"><b>Exception</b></td>
<td width="10%"><b>Time (seconds)</b></td>
<td><b>Instance</b></td>
</tr>
<tr>
<td title='SearchSpa.Book()'><b>Book</b><br>Test class: SearchSpa</td>
<td></td>
<td>0</td>
<td>SearchSpa@145c38c1</td></tr>
<tr>
<td title='SearchSpa.Date_sel()'><b>Date_sel</b><br>Test class: SearchSpa</td>
<td></td>
<td>8</td>
<td>SearchSpa@145c38c1</td></tr>
<tr>
<td title='SearchSpa.Product_Sel()'><b>Product_Sel</b><br>Test class: SearchSpa</td>
<td></td>
<td>23</td>
<td>SearchSpa@145c38c1</td></tr>
<tr>
<td title='SearchSpa.Service_sel()'><b>Service_sel</b><br>Test class: SearchSpa</td>
<td></td>
<td>3</td>
<td>SearchSpa@145c38c1</td></tr>
<tr>
<td title='SearchSpa.Staff_sel()'><b>Staff_sel</b><br>Test class: SearchSpa</td>
<td></td>
<td>2</td>
<td>SearchSpa@145c38c1</td></tr>
<tr>
<td title='SearchSpa.Time_sel()'><b>Time_sel</b><br>Test class: SearchSpa</td>
<td></td>
<td>5</td>
<td>SearchSpa@145c38c1</td></tr>
<tr>
<td title='SearchSpa.search()'><b>search</b><br>Test class: SearchSpa</td>
<td></td>
<td>5</td>
<td>SearchSpa@145c38c1</td></tr>
</table><p>
</body>
</html>