<!DOCTYPE html PUBLIC "-//W3C//DTD XHTML 1.1//EN" "http://www.w3.org/TR/xhtml11/DTD/xhtml11.dtd">
<html xmlns="http://www.w3.org/1999/xhtml"><head><title>TestNG Report</title><style type="text/css">table {margin-bottom:10px;border-collapse:collapse;empty-cells:show}th,td {border:1px solid #009;padding:.25em .5em}th {vertical-align:bottom}td {vertical-align:top}table a {font-weight:bold}.stripe td {background-color: #E6EBF9}.num {text-align:right}.passedodd td {background-color: #3F3}.passedeven td {background-color: #0A0}.skippedodd td {background-color: #DDD}.skippedeven td {background-color: #CCC}.failedodd td,.attn {background-color: #F33}.failedeven td,.stripe .attn {background-color: #D00}.stacktrace {white-space:pre;font-family:monospace}.totop {font-size:85%;text-align:center;border-bottom:2px solid #000}</style></head><body><table><tr><th>Test</th><th># Passed</th><th># Skipped</th><th># Failed</th><th>Time (ms)</th><th>Included Groups</th><th>Excluded Groups</th></tr><tr><th colspan="7">Suite</th></tr><tr><td><a href="#t0">Test</a></td><td class="num">2</td><td class="num">0</td><td class="num">0</td><td class="num">27,992</td><td></td><td></td></tr><tr class="stripe"><td><a href="#t1">Test2</a></td><td class="num">1</td><td class="num">0</td><td class="num">0</td><td class="num">21,026</td><td></td><td></td></tr><tr><td><a href="#t2">Test3</a></td><td class="num">7</td><td class="num">0</td><td class="num attn">1</td><td class="num">65,149</td><td></td><td></td></tr><tr class="stripe"><td><a href="#t3">Test4</a></td><td class="num">0</td><td class="num attn">5</td><td class="num">0</td><td class="num">5,407</td><td></td><td></td></tr><tr><td><a href="#t4">Test5</a></td><td class="num">1</td><td class="num">0</td><td class="num">0</td><td class="num">9,041</td><td></td><td></td></tr><tr><th>Total</th><th class="num">11</th><th class="num attn">5</th><th class="num attn">1</th><th class="num">128,615</th><th colspan="2"></th></tr></table><table><thead><tr><th>Class</th><th>Method</th><th>Start</th><th>Time (ms)</th></tr></thead><tbody><tr><th colspan="4">Suite</th></tr></tbody><tbody id="t0"><tr><th colspan="4">Test &#8212; passed</th></tr><tr class="passedeven"><td rowspan="2">Setup</td><td><a href="#m0">State_Selection</a></td><td rowspan="1">1444365836794</td><td rowspan="1">10654</td></tr><tr class="passedeven"><td><a href="#m1">configure</a></td><td rowspan="1">1444365819468</td><td rowspan="1">17315</td></tr></tbody><tbody id="t1"><tr><th colspan="4">Test2 &#8212; passed</th></tr><tr class="passedeven"><td rowspan="1">Login</td><td><a href="#m2">user_login</a></td><td rowspan="1">1444365847485</td><td rowspan="1">21024</td></tr></tbody><tbody id="t2"><tr><th colspan="4">Test3 &#8212; failed</th></tr><tr class="failedeven"><td rowspan="1">SearchSpa</td><td><a href="#m3">Book_Details</a></td><td rowspan="1">1444365917134</td><td rowspan="1">16520</td></tr><tr><th colspan="4">Test3 &#8212; passed</th></tr><tr class="passedeven"><td rowspan="7">SearchSpa</td><td><a href="#m4">Book</a></td><td rowspan="1">1444365917121</td><td rowspan="1">12</td></tr><tr class="passedeven"><td><a href="#m5">Date_sel</a></td><td rowspan="1">1444365900949</td><td rowspan="1">8240</td></tr><tr class="passedeven"><td><a href="#m6">Product_Sel</a></td><td rowspan="1">1444365873775</td><td rowspan="1">23619</td></tr><tr class="passedeven"><td><a href="#m7">Service_sel</a></td><td rowspan="1">1444365897397</td><td rowspan="1">3550</td></tr><tr class="passedeven"><td><a href="#m8">Staff_sel</a></td><td rowspan="1">1444365909191</td><td rowspan="1">2237</td></tr><tr class="passedeven"><td><a href="#m9">Time_sel</a></td><td rowspan="1">1444365911430</td><td rowspan="1">5690</td></tr><tr class="passedeven"><td><a href="#m10">search</a></td><td rowspan="1">1444365868524</td><td rowspan="1">5249</td></tr></tbody><tbody id="t3"><tr><th colspan="4">Test4 &#8212; failed (configuration methods)</th></tr><tr class="failedeven"><td rowspan="1">Hamburger</td><td><a href="#m11">search</a></td><td rowspan="1">1444365933705</td><td rowspan="1">0</td></tr><tr><th colspan="4">Test4 &#8212; skipped (configuration methods)</th></tr><tr class="skippedeven"><td rowspan="4">Hamburger</td><td><a href="#m12">search</a></td><td rowspan="4">1444365939109</td><td rowspan="4">0</td></tr><tr class="skippedeven"><td><a href="#m13">search</a></td></tr><tr class="skippedeven"><td><a href="#m14">search</a></td></tr><tr class="skippedeven"><td><a href="#m15">search</a></td></tr><tr><th colspan="4">Test4 &#8212; skipped</th></tr><tr class="skippedeven"><td rowspan="5">Hamburger</td><td><a href="#m16">About</a></td><td rowspan="1">1444365939090</td><td rowspan="1">4</td></tr><tr class="skippedeven"><td><a href="#m17">Booking</a></td><td rowspan="1">1444365939096</td><td rowspan="1">2</td></tr><tr class="skippedeven"><td><a href="#m18">Favourites</a></td><td rowspan="1">1444365939101</td><td rowspan="1">1</td></tr><tr class="skippedeven"><td><a href="#m19">Profile</a></td><td rowspan="1">1444365939109</td><td rowspan="1">2</td></tr><tr class="skippedeven"><td><a href="#m20">Reviews</a></td><td rowspan="1">1444365939105</td><td rowspan="1">1</td></tr></tbody><tbody id="t4"><tr><th colspan="4">Test5 &#8212; passed</th></tr><tr class="passedeven"><td rowspan="1">Logout</td><td><a href="#m21">Logoutapp</a></td><td rowspan="1">1444365939133</td><td rowspan="1">9039</td></tr></tbody></table><h2>Test</h2><h3 id="m0">Setup#State_Selection</h3><table class="result"></table><p class="totop"><a href="#summary">back to summary</a></p><h3 id="m1">Setup#configure</h3><table class="result"></table><p class="totop"><a href="#summary">back to summary</a></p><h2>Test2</h2><h3 id="m2">Login#user_login</h3><table class="result"></table><p class="totop"><a href="#summary">back to summary</a></p><h2>Test3</h2><h3 id="m3">SearchSpa#Book_Details</h3><table class="result"><tr><th>Exception</th></tr><tr><td><div class="stacktrace">org.openqa.selenium.NoSuchElementException: An element could not be located on the page using the given search parameters. (WARNING: The server did not provide any stacktrace information)
Command duration or timeout: 16.51 seconds
For documentation on this error, please visit: http://seleniumhq.org/exceptions/no_such_element.html
Build info: version: &apos;2.47.1&apos;, revision: &apos;411b314&apos;, time: &apos;2015-07-30 03:03:16&apos;
System info: host: &apos;POPTesting-PC&apos;, ip: &apos;10.10.6.122&apos;, os.name: &apos;Windows 7&apos;, os.arch: &apos;amd64&apos;, os.version: &apos;6.1&apos;, java.version: &apos;1.7.0_60&apos;
*** Element info: {Using=-android uiautomator, value=new UiScrollable(new UiSelector().scrollable(true).instance(0)).scrollIntoView(new UiSelector().description(&quot;Person Details&quot;).instance(0));new UiScrollable(new UiSelector().scrollable(true).instance(0)).scrollIntoView(new UiSelector().text(&quot;Person Details&quot;).instance(0));}
Session ID: 2894f3e1-5c0d-45f4-8bfc-4621c6786c34
Driver info: io.appium.java_client.android.AndroidDriver
Capabilities [{platformVersion=5.0.2, app=E:\apk\Unicorn\Unicorn_v0.4.apk, platform=LINUX, databaseEnabled=false, javascriptEnabled=true, deviceName=HT35JW912039, platformName=Android, browserName=, app-package=com.popcorn.unicorn, webStorageEnabled=false, networkConnectionEnabled=true, app-activity=com.popcorn.unicorn.MainActivity, desired={app=E:\apk\Unicorn\Unicorn_v0.4.apk, platformVersion=5.1.1, platformName=Android, deviceName=emulator-5554, browserName=, app-package=com.popcorn.unicorn, app-activity=com.popcorn.unicorn.MainActivity}, locationContextEnabled=false, warnings={}, takesScreenshot=true}]
	at org.openqa.selenium.remote.ErrorHandler.createThrowable(ErrorHandler.java:206)
	at org.openqa.selenium.remote.ErrorHandler.throwIfResponseFailed(ErrorHandler.java:158)
	at org.openqa.selenium.remote.RemoteWebDriver.execute(RemoteWebDriver.java:595)
	at io.appium.java_client.DefaultGenericMobileDriver.execute(DefaultGenericMobileDriver.java:42)
	at io.appium.java_client.AppiumDriver.execute(AppiumDriver.java:1)
	at io.appium.java_client.android.AndroidDriver.execute(AndroidDriver.java:1)
	at org.openqa.selenium.remote.RemoteWebDriver.findElement(RemoteWebDriver.java:348)
	at io.appium.java_client.android.AndroidDriver.findElementByAndroidUIAutomator(AndroidDriver.java:334)
	at io.appium.java_client.android.AndroidDriver.scrollToExact(AndroidDriver.java:112)
	at SearchSpa.Book_Details(SearchSpa.java:220)
... Removed 28 stack frames</div></td></tr></table><p class="totop"><a href="#summary">back to summary</a></p><h3 id="m4">SearchSpa#Book</h3><table class="result"></table><p class="totop"><a href="#summary">back to summary</a></p><h3 id="m5">SearchSpa#Date_sel</h3><table class="result"></table><p class="totop"><a href="#summary">back to summary</a></p><h3 id="m6">SearchSpa#Product_Sel</h3><table class="result"></table><p class="totop"><a href="#summary">back to summary</a></p><h3 id="m7">SearchSpa#Service_sel</h3><table class="result"></table><p class="totop"><a href="#summary">back to summary</a></p><h3 id="m8">SearchSpa#Staff_sel</h3><table class="result"></table><p class="totop"><a href="#summary">back to summary</a></p><h3 id="m9">SearchSpa#Time_sel</h3><table class="result"></table><p class="totop"><a href="#summary">back to summary</a></p><h3 id="m10">SearchSpa#search</h3><table class="result"></table><p class="totop"><a href="#summary">back to summary</a></p><h2>Test4</h2><h3 id="m11">Hamburger#search</h3><table class="result"><tr><th>Exception</th></tr><tr><td><div class="stacktrace">org.openqa.selenium.NoSuchElementException: An element could not be located on the page using the given search parameters. (WARNING: The server did not provide any stacktrace information)
Command duration or timeout: 5.38 seconds
For documentation on this error, please visit: http://seleniumhq.org/exceptions/no_such_element.html
Build info: version: &apos;2.47.1&apos;, revision: &apos;411b314&apos;, time: &apos;2015-07-30 03:03:16&apos;
System info: host: &apos;POPTesting-PC&apos;, ip: &apos;10.10.6.122&apos;, os.name: &apos;Windows 7&apos;, os.arch: &apos;amd64&apos;, os.version: &apos;6.1&apos;, java.version: &apos;1.7.0_60&apos;
*** Element info: {Using=id, value=com.popcorn.unicorn:id/img_menu}
Session ID: 2894f3e1-5c0d-45f4-8bfc-4621c6786c34
Driver info: io.appium.java_client.android.AndroidDriver
Capabilities [{platformVersion=5.0.2, app=E:\apk\Unicorn\Unicorn_v0.4.apk, platform=LINUX, databaseEnabled=false, javascriptEnabled=true, deviceName=HT35JW912039, platformName=Android, browserName=, app-package=com.popcorn.unicorn, webStorageEnabled=false, networkConnectionEnabled=true, app-activity=com.popcorn.unicorn.MainActivity, desired={app=E:\apk\Unicorn\Unicorn_v0.4.apk, platformVersion=5.1.1, platformName=Android, deviceName=emulator-5554, browserName=, app-package=com.popcorn.unicorn, app-activity=com.popcorn.unicorn.MainActivity}, locationContextEnabled=false, warnings={}, takesScreenshot=true}]
	at org.openqa.selenium.remote.ErrorHandler.createThrowable(ErrorHandler.java:206)
	at org.openqa.selenium.remote.ErrorHandler.throwIfResponseFailed(ErrorHandler.java:158)
	at org.openqa.selenium.remote.RemoteWebDriver.execute(RemoteWebDriver.java:595)
	at io.appium.java_client.DefaultGenericMobileDriver.execute(DefaultGenericMobileDriver.java:42)
	at io.appium.java_client.AppiumDriver.execute(AppiumDriver.java:1)
	at io.appium.java_client.android.AndroidDriver.execute(AndroidDriver.java:1)
	at org.openqa.selenium.remote.RemoteWebDriver.findElement(RemoteWebDriver.java:348)
	at org.openqa.selenium.remote.RemoteWebDriver.findElementById(RemoteWebDriver.java:389)
	at io.appium.java_client.DefaultGenericMobileDriver.findElementById(DefaultGenericMobileDriver.java:62)
	at io.appium.java_client.AppiumDriver.findElementById(AppiumDriver.java:1)
	at io.appium.java_client.android.AndroidDriver.findElementById(AndroidDriver.java:1)
	at org.openqa.selenium.By$ById.findElement(By.java:215)
	at org.openqa.selenium.remote.RemoteWebDriver.findElement(RemoteWebDriver.java:340)
	at io.appium.java_client.DefaultGenericMobileDriver.findElement(DefaultGenericMobileDriver.java:52)
	at io.appium.java_client.AppiumDriver.findElement(AppiumDriver.java:1)
	at io.appium.java_client.android.AndroidDriver.findElement(AndroidDriver.java:1)
	at Hamburger.search(Hamburger.java:25)
... Removed 30 stack frames</div></td></tr></table><p class="totop"><a href="#summary">back to summary</a></p><h3 id="m12">Hamburger#search</h3><table class="result"></table><p class="totop"><a href="#summary">back to summary</a></p><h3 id="m13">Hamburger#search</h3><table class="result"></table><p class="totop"><a href="#summary">back to summary</a></p><h3 id="m14">Hamburger#search</h3><table class="result"></table><p class="totop"><a href="#summary">back to summary</a></p><h3 id="m15">Hamburger#search</h3><table class="result"></table><p class="totop"><a href="#summary">back to summary</a></p><h3 id="m16">Hamburger#About</h3><table class="result"></table><p class="totop"><a href="#summary">back to summary</a></p><h3 id="m17">Hamburger#Booking</h3><table class="result"></table><p class="totop"><a href="#summary">back to summary</a></p><h3 id="m18">Hamburger#Favourites</h3><table class="result"></table><p class="totop"><a href="#summary">back to summary</a></p><h3 id="m19">Hamburger#Profile</h3><table class="result"></table><p class="totop"><a href="#summary">back to summary</a></p><h3 id="m20">Hamburger#Reviews</h3><table class="result"></table><p class="totop"><a href="#summary">back to summary</a></p><h2>Test5</h2><h3 id="m21">Logout#Logoutapp</h3><table class="result"></table><p class="totop"><a href="#summary">back to summary</a></p></body></html>