<?xml version="1.0" encoding="UTF-8"?>
<testng-results skipped="5" failed="1" total="17" passed="11">
  <reporter-output>
  </reporter-output>
  <suite name="Suite" duration-ms="128716" started-at="2015-10-09T04:43:39Z" finished-at="2015-10-09T04:45:48Z">
    <groups>
    </groups>
    <test name="Test" duration-ms="27992" started-at="2015-10-09T04:43:39Z" finished-at="2015-10-09T04:44:07Z">
      <class name="Setup">
        <test-method status="PASS" signature="configure()[pri:0, instance:Setup@1d3cdb70]" name="configure" duration-ms="17315" started-at="2015-10-09T10:13:39Z" finished-at="2015-10-09T10:13:56Z">
          <reporter-output>
          </reporter-output>
        </test-method> <!-- configure -->
        <test-method status="PASS" signature="State_Selection()[pri:0, instance:Setup@1d3cdb70]" name="State_Selection" duration-ms="10654" started-at="2015-10-09T10:13:56Z" depends-on-methods="Setup.configure" finished-at="2015-10-09T10:14:07Z">
          <reporter-output>
          </reporter-output>
        </test-method> <!-- State_Selection -->
      </class> <!-- Setup -->
    </test> <!-- Test -->
    <test name="Test2" duration-ms="21026" started-at="2015-10-09T04:44:07Z" finished-at="2015-10-09T04:44:28Z">
      <class name="Login">
        <test-method status="PASS" signature="user_login()[pri:0, instance:Login@100a384]" name="user_login" duration-ms="21024" started-at="2015-10-09T10:14:07Z" finished-at="2015-10-09T10:14:28Z">
          <reporter-output>
          </reporter-output>
        </test-method> <!-- user_login -->
      </class> <!-- Login -->
    </test> <!-- Test2 -->
    <test name="Test3" duration-ms="65149" started-at="2015-10-09T04:44:28Z" finished-at="2015-10-09T04:45:33Z">
      <class name="SearchSpa">
        <test-method status="PASS" signature="search()[pri:0, instance:SearchSpa@145c38c1]" name="search" duration-ms="5249" started-at="2015-10-09T10:14:28Z" finished-at="2015-10-09T10:14:33Z">
          <reporter-output>
          </reporter-output>
        </test-method> <!-- search -->
        <test-method status="PASS" signature="Product_Sel()[pri:0, instance:SearchSpa@145c38c1]" name="Product_Sel" duration-ms="23619" started-at="2015-10-09T10:14:33Z" finished-at="2015-10-09T10:14:57Z">
          <reporter-output>
          </reporter-output>
        </test-method> <!-- Product_Sel -->
        <test-method status="PASS" signature="Service_sel()[pri:0, instance:SearchSpa@145c38c1]" name="Service_sel" duration-ms="3550" started-at="2015-10-09T10:14:57Z" finished-at="2015-10-09T10:15:00Z">
          <reporter-output>
          </reporter-output>
        </test-method> <!-- Service_sel -->
        <test-method status="PASS" signature="Date_sel()[pri:0, instance:SearchSpa@145c38c1]" name="Date_sel" duration-ms="8240" started-at="2015-10-09T10:15:00Z" finished-at="2015-10-09T10:15:09Z">
          <reporter-output>
          </reporter-output>
        </test-method> <!-- Date_sel -->
        <test-method status="PASS" signature="Staff_sel()[pri:0, instance:SearchSpa@145c38c1]" name="Staff_sel" duration-ms="2237" started-at="2015-10-09T10:15:09Z" finished-at="2015-10-09T10:15:11Z">
          <reporter-output>
          </reporter-output>
        </test-method> <!-- Staff_sel -->
        <test-method status="PASS" signature="Time_sel()[pri:0, instance:SearchSpa@145c38c1]" name="Time_sel" duration-ms="5690" started-at="2015-10-09T10:15:11Z" finished-at="2015-10-09T10:15:17Z">
          <reporter-output>
          </reporter-output>
        </test-method> <!-- Time_sel -->
        <test-method status="PASS" signature="Book()[pri:0, instance:SearchSpa@145c38c1]" name="Book" duration-ms="12" started-at="2015-10-09T10:15:17Z" finished-at="2015-10-09T10:15:17Z">
          <reporter-output>
          </reporter-output>
        </test-method> <!-- Book -->
        <test-method status="FAIL" signature="Book_Details()[pri:0, instance:SearchSpa@145c38c1]" name="Book_Details" duration-ms="16520" started-at="2015-10-09T10:15:17Z" finished-at="2015-10-09T10:15:33Z">
          <exception class="org.openqa.selenium.NoSuchElementException">
            <message>
              <![CDATA[An element could not be located on the page using the given search parameters. (WARNING: The server did not provide any stacktrace information)
Command duration or timeout: 16.51 seconds
For documentation on this error, please visit: http://seleniumhq.org/exceptions/no_such_element.html
Build info: version: '2.47.1', revision: '411b314', time: '2015-07-30 03:03:16'
System info: host: 'POPTesting-PC', ip: '10.10.6.122', os.name: 'Windows 7', os.arch: 'amd64', os.version: '6.1', java.version: '1.7.0_60'
*** Element info: {Using=-android uiautomator, value=new UiScrollable(new UiSelector().scrollable(true).instance(0)).scrollIntoView(new UiSelector().description("Person Details").instance(0));new UiScrollable(new UiSelector().scrollable(true).instance(0)).scrollIntoView(new UiSelector().text("Person Details").instance(0));}
Session ID: 2894f3e1-5c0d-45f4-8bfc-4621c6786c34
Driver info: io.appium.java_client.android.AndroidDriver
Capabilities [{platformVersion=5.0.2, app=E:\apk\Unicorn\Unicorn_v0.4.apk, platform=LINUX, databaseEnabled=false, javascriptEnabled=true, deviceName=HT35JW912039, platformName=Android, browserName=, app-package=com.popcorn.unicorn, webStorageEnabled=false, networkConnectionEnabled=true, app-activity=com.popcorn.unicorn.MainActivity, desired={app=E:\apk\Unicorn\Unicorn_v0.4.apk, platformVersion=5.1.1, platformName=Android, deviceName=emulator-5554, browserName=, app-package=com.popcorn.unicorn, app-activity=com.popcorn.unicorn.MainActivity}, locationContextEnabled=false, warnings={}, takesScreenshot=true}]]]>
            </message>
            <full-stacktrace>
              <![CDATA[org.openqa.selenium.NoSuchElementException: An element could not be located on the page using the given search parameters. (WARNING: The server did not provide any stacktrace information)
Command duration or timeout: 16.51 seconds
For documentation on this error, please visit: http://seleniumhq.org/exceptions/no_such_element.html
Build info: version: '2.47.1', revision: '411b314', time: '2015-07-30 03:03:16'
System info: host: 'POPTesting-PC', ip: '10.10.6.122', os.name: 'Windows 7', os.arch: 'amd64', os.version: '6.1', java.version: '1.7.0_60'
*** Element info: {Using=-android uiautomator, value=new UiScrollable(new UiSelector().scrollable(true).instance(0)).scrollIntoView(new UiSelector().description("Person Details").instance(0));new UiScrollable(new UiSelector().scrollable(true).instance(0)).scrollIntoView(new UiSelector().text("Person Details").instance(0));}
Session ID: 2894f3e1-5c0d-45f4-8bfc-4621c6786c34
Driver info: io.appium.java_client.android.AndroidDriver
Capabilities [{platformVersion=5.0.2, app=E:\apk\Unicorn\Unicorn_v0.4.apk, platform=LINUX, databaseEnabled=false, javascriptEnabled=true, deviceName=HT35JW912039, platformName=Android, browserName=, app-package=com.popcorn.unicorn, webStorageEnabled=false, networkConnectionEnabled=true, app-activity=com.popcorn.unicorn.MainActivity, desired={app=E:\apk\Unicorn\Unicorn_v0.4.apk, platformVersion=5.1.1, platformName=Android, deviceName=emulator-5554, browserName=, app-package=com.popcorn.unicorn, app-activity=com.popcorn.unicorn.MainActivity}, locationContextEnabled=false, warnings={}, takesScreenshot=true}]
	at sun.reflect.NativeConstructorAccessorImpl.newInstance0(Native Method)
	at sun.reflect.NativeConstructorAccessorImpl.newInstance(Unknown Source)
	at sun.reflect.DelegatingConstructorAccessorImpl.newInstance(Unknown Source)
	at java.lang.reflect.Constructor.newInstance(Unknown Source)
	at org.openqa.selenium.remote.ErrorHandler.createThrowable(ErrorHandler.java:206)
	at org.openqa.selenium.remote.ErrorHandler.throwIfResponseFailed(ErrorHandler.java:158)
	at org.openqa.selenium.remote.RemoteWebDriver.execute(RemoteWebDriver.java:595)
	at io.appium.java_client.DefaultGenericMobileDriver.execute(DefaultGenericMobileDriver.java:42)
	at io.appium.java_client.AppiumDriver.execute(AppiumDriver.java:1)
	at io.appium.java_client.android.AndroidDriver.execute(AndroidDriver.java:1)
	at org.openqa.selenium.remote.RemoteWebDriver.findElement(RemoteWebDriver.java:348)
	at io.appium.java_client.android.AndroidDriver.findElementByAndroidUIAutomator(AndroidDriver.java:334)
	at io.appium.java_client.android.AndroidDriver.scrollToExact(AndroidDriver.java:112)
	at SearchSpa.Book_Details(SearchSpa.java:220)
	at sun.reflect.NativeMethodAccessorImpl.invoke0(Native Method)
	at sun.reflect.NativeMethodAccessorImpl.invoke(Unknown Source)
	at sun.reflect.DelegatingMethodAccessorImpl.invoke(Unknown Source)
	at java.lang.reflect.Method.invoke(Unknown Source)
	at org.testng.internal.MethodInvocationHelper.invokeMethod(MethodInvocationHelper.java:84)
	at org.testng.internal.Invoker.invokeMethod(Invoker.java:714)
	at org.testng.internal.Invoker.invokeTestMethod(Invoker.java:901)
	at org.testng.internal.Invoker.invokeTestMethods(Invoker.java:1231)
	at org.testng.internal.TestMethodWorker.invokeTestMethods(TestMethodWorker.java:127)
	at org.testng.internal.TestMethodWorker.run(TestMethodWorker.java:111)
	at org.testng.TestRunner.privateRun(TestRunner.java:767)
	at org.testng.TestRunner.run(TestRunner.java:617)
	at org.testng.SuiteRunner.runTest(SuiteRunner.java:334)
	at org.testng.SuiteRunner.runSequentially(SuiteRunner.java:329)
	at org.testng.SuiteRunner.privateRun(SuiteRunner.java:291)
	at org.testng.SuiteRunner.run(SuiteRunner.java:240)
	at org.testng.SuiteRunnerWorker.runSuite(SuiteRunnerWorker.java:52)
	at org.testng.SuiteRunnerWorker.run(SuiteRunnerWorker.java:86)
	at org.testng.TestNG.runSuitesSequentially(TestNG.java:1224)
	at org.testng.TestNG.runSuitesLocally(TestNG.java:1149)
	at org.testng.TestNG.run(TestNG.java:1057)
	at org.testng.remote.RemoteTestNG.run(RemoteTestNG.java:111)
	at org.testng.remote.RemoteTestNG.initAndRun(RemoteTestNG.java:204)
	at org.testng.remote.RemoteTestNG.main(RemoteTestNG.java:175)
]]>
            </full-stacktrace>
          </exception> <!-- org.openqa.selenium.NoSuchElementException -->
          <reporter-output>
          </reporter-output>
        </test-method> <!-- Book_Details -->
      </class> <!-- SearchSpa -->
    </test> <!-- Test3 -->
    <test name="Test4" duration-ms="5407" started-at="2015-10-09T04:45:33Z" finished-at="2015-10-09T04:45:39Z">
      <class name="Hamburger">
        <test-method status="FAIL" signature="search()[pri:0, instance:Hamburger@31d93071]" name="search" is-config="true" duration-ms="0" started-at="2015-10-09T10:15:33Z" finished-at="2015-10-09T10:15:33Z">
          <exception class="org.openqa.selenium.NoSuchElementException">
            <message>
              <![CDATA[An element could not be located on the page using the given search parameters. (WARNING: The server did not provide any stacktrace information)
Command duration or timeout: 5.38 seconds
For documentation on this error, please visit: http://seleniumhq.org/exceptions/no_such_element.html
Build info: version: '2.47.1', revision: '411b314', time: '2015-07-30 03:03:16'
System info: host: 'POPTesting-PC', ip: '10.10.6.122', os.name: 'Windows 7', os.arch: 'amd64', os.version: '6.1', java.version: '1.7.0_60'
*** Element info: {Using=id, value=com.popcorn.unicorn:id/img_menu}
Session ID: 2894f3e1-5c0d-45f4-8bfc-4621c6786c34
Driver info: io.appium.java_client.android.AndroidDriver
Capabilities [{platformVersion=5.0.2, app=E:\apk\Unicorn\Unicorn_v0.4.apk, platform=LINUX, databaseEnabled=false, javascriptEnabled=true, deviceName=HT35JW912039, platformName=Android, browserName=, app-package=com.popcorn.unicorn, webStorageEnabled=false, networkConnectionEnabled=true, app-activity=com.popcorn.unicorn.MainActivity, desired={app=E:\apk\Unicorn\Unicorn_v0.4.apk, platformVersion=5.1.1, platformName=Android, deviceName=emulator-5554, browserName=, app-package=com.popcorn.unicorn, app-activity=com.popcorn.unicorn.MainActivity}, locationContextEnabled=false, warnings={}, takesScreenshot=true}]]]>
            </message>
            <full-stacktrace>
              <![CDATA[org.openqa.selenium.NoSuchElementException: An element could not be located on the page using the given search parameters. (WARNING: The server did not provide any stacktrace information)
Command duration or timeout: 5.38 seconds
For documentation on this error, please visit: http://seleniumhq.org/exceptions/no_such_element.html
Build info: version: '2.47.1', revision: '411b314', time: '2015-07-30 03:03:16'
System info: host: 'POPTesting-PC', ip: '10.10.6.122', os.name: 'Windows 7', os.arch: 'amd64', os.version: '6.1', java.version: '1.7.0_60'
*** Element info: {Using=id, value=com.popcorn.unicorn:id/img_menu}
Session ID: 2894f3e1-5c0d-45f4-8bfc-4621c6786c34
Driver info: io.appium.java_client.android.AndroidDriver
Capabilities [{platformVersion=5.0.2, app=E:\apk\Unicorn\Unicorn_v0.4.apk, platform=LINUX, databaseEnabled=false, javascriptEnabled=true, deviceName=HT35JW912039, platformName=Android, browserName=, app-package=com.popcorn.unicorn, webStorageEnabled=false, networkConnectionEnabled=true, app-activity=com.popcorn.unicorn.MainActivity, desired={app=E:\apk\Unicorn\Unicorn_v0.4.apk, platformVersion=5.1.1, platformName=Android, deviceName=emulator-5554, browserName=, app-package=com.popcorn.unicorn, app-activity=com.popcorn.unicorn.MainActivity}, locationContextEnabled=false, warnings={}, takesScreenshot=true}]
	at sun.reflect.NativeConstructorAccessorImpl.newInstance0(Native Method)
	at sun.reflect.NativeConstructorAccessorImpl.newInstance(Unknown Source)
	at sun.reflect.DelegatingConstructorAccessorImpl.newInstance(Unknown Source)
	at java.lang.reflect.Constructor.newInstance(Unknown Source)
	at org.openqa.selenium.remote.ErrorHandler.createThrowable(ErrorHandler.java:206)
	at org.openqa.selenium.remote.ErrorHandler.throwIfResponseFailed(ErrorHandler.java:158)
	at org.openqa.selenium.remote.RemoteWebDriver.execute(RemoteWebDriver.java:595)
	at io.appium.java_client.DefaultGenericMobileDriver.execute(DefaultGenericMobileDriver.java:42)
	at io.appium.java_client.AppiumDriver.execute(AppiumDriver.java:1)
	at io.appium.java_client.android.AndroidDriver.execute(AndroidDriver.java:1)
	at org.openqa.selenium.remote.RemoteWebDriver.findElement(RemoteWebDriver.java:348)
	at org.openqa.selenium.remote.RemoteWebDriver.findElementById(RemoteWebDriver.java:389)
	at io.appium.java_client.DefaultGenericMobileDriver.findElementById(DefaultGenericMobileDriver.java:62)
	at io.appium.java_client.AppiumDriver.findElementById(AppiumDriver.java:1)
	at io.appium.java_client.android.AndroidDriver.findElementById(AndroidDriver.java:1)
	at org.openqa.selenium.By$ById.findElement(By.java:215)
	at org.openqa.selenium.remote.RemoteWebDriver.findElement(RemoteWebDriver.java:340)
	at io.appium.java_client.DefaultGenericMobileDriver.findElement(DefaultGenericMobileDriver.java:52)
	at io.appium.java_client.AppiumDriver.findElement(AppiumDriver.java:1)
	at io.appium.java_client.android.AndroidDriver.findElement(AndroidDriver.java:1)
	at Hamburger.search(Hamburger.java:25)
	at sun.reflect.NativeMethodAccessorImpl.invoke0(Native Method)
	at sun.reflect.NativeMethodAccessorImpl.invoke(Unknown Source)
	at sun.reflect.DelegatingMethodAccessorImpl.invoke(Unknown Source)
	at java.lang.reflect.Method.invoke(Unknown Source)
	at org.testng.internal.MethodInvocationHelper.invokeMethod(MethodInvocationHelper.java:84)
	at org.testng.internal.Invoker.invokeConfigurationMethod(Invoker.java:564)
	at org.testng.internal.Invoker.invokeConfigurations(Invoker.java:213)
	at org.testng.internal.Invoker.invokeMethod(Invoker.java:653)
	at org.testng.internal.Invoker.invokeTestMethod(Invoker.java:901)
	at org.testng.internal.Invoker.invokeTestMethods(Invoker.java:1231)
	at org.testng.internal.TestMethodWorker.invokeTestMethods(TestMethodWorker.java:127)
	at org.testng.internal.TestMethodWorker.run(TestMethodWorker.java:111)
	at org.testng.TestRunner.privateRun(TestRunner.java:767)
	at org.testng.TestRunner.run(TestRunner.java:617)
	at org.testng.SuiteRunner.runTest(SuiteRunner.java:334)
	at org.testng.SuiteRunner.runSequentially(SuiteRunner.java:329)
	at org.testng.SuiteRunner.privateRun(SuiteRunner.java:291)
	at org.testng.SuiteRunner.run(SuiteRunner.java:240)
	at org.testng.SuiteRunnerWorker.runSuite(SuiteRunnerWorker.java:52)
	at org.testng.SuiteRunnerWorker.run(SuiteRunnerWorker.java:86)
	at org.testng.TestNG.runSuitesSequentially(TestNG.java:1224)
	at org.testng.TestNG.runSuitesLocally(TestNG.java:1149)
	at org.testng.TestNG.run(TestNG.java:1057)
	at org.testng.remote.RemoteTestNG.run(RemoteTestNG.java:111)
	at org.testng.remote.RemoteTestNG.initAndRun(RemoteTestNG.java:204)
	at org.testng.remote.RemoteTestNG.main(RemoteTestNG.java:175)
]]>
            </full-stacktrace>
          </exception> <!-- org.openqa.selenium.NoSuchElementException -->
          <reporter-output>
          </reporter-output>
        </test-method> <!-- search -->
        <test-method status="SKIP" signature="About()[pri:0, instance:Hamburger@31d93071]" name="About" duration-ms="4" started-at="2015-10-09T10:15:39Z" finished-at="2015-10-09T10:15:39Z">
          <reporter-output>
          </reporter-output>
        </test-method> <!-- About -->
        <test-method status="SKIP" signature="Booking()[pri:0, instance:Hamburger@31d93071]" name="Booking" duration-ms="2" started-at="2015-10-09T10:15:39Z" finished-at="2015-10-09T10:15:39Z">
          <reporter-output>
          </reporter-output>
        </test-method> <!-- Booking -->
        <test-method status="SKIP" signature="search()[pri:0, instance:Hamburger@31d93071]" name="search" is-config="true" duration-ms="0" started-at="2015-10-09T10:15:39Z" finished-at="2015-10-09T10:15:39Z">
          <reporter-output>
          </reporter-output>
        </test-method> <!-- search -->
        <test-method status="SKIP" signature="search()[pri:0, instance:Hamburger@31d93071]" name="search" is-config="true" duration-ms="0" started-at="2015-10-09T10:15:39Z" finished-at="2015-10-09T10:15:39Z">
          <reporter-output>
          </reporter-output>
        </test-method> <!-- search -->
        <test-method status="SKIP" signature="Favourites()[pri:0, instance:Hamburger@31d93071]" name="Favourites" duration-ms="1" started-at="2015-10-09T10:15:39Z" finished-at="2015-10-09T10:15:39Z">
          <reporter-output>
          </reporter-output>
        </test-method> <!-- Favourites -->
        <test-method status="SKIP" signature="search()[pri:0, instance:Hamburger@31d93071]" name="search" is-config="true" duration-ms="0" started-at="2015-10-09T10:15:39Z" finished-at="2015-10-09T10:15:39Z">
          <reporter-output>
          </reporter-output>
        </test-method> <!-- search -->
        <test-method status="SKIP" signature="Reviews()[pri:0, instance:Hamburger@31d93071]" name="Reviews" duration-ms="1" started-at="2015-10-09T10:15:39Z" finished-at="2015-10-09T10:15:39Z">
          <reporter-output>
          </reporter-output>
        </test-method> <!-- Reviews -->
        <test-method status="SKIP" signature="Profile()[pri:0, instance:Hamburger@31d93071]" name="Profile" duration-ms="2" started-at="2015-10-09T10:15:39Z" finished-at="2015-10-09T10:15:39Z">
          <reporter-output>
          </reporter-output>
        </test-method> <!-- Profile -->
        <test-method status="SKIP" signature="search()[pri:0, instance:Hamburger@31d93071]" name="search" is-config="true" duration-ms="0" started-at="2015-10-09T10:15:39Z" finished-at="2015-10-09T10:15:39Z">
          <reporter-output>
          </reporter-output>
        </test-method> <!-- search -->
      </class> <!-- Hamburger -->
    </test> <!-- Test4 -->
    <test name="Test5" duration-ms="9041" started-at="2015-10-09T04:45:39Z" finished-at="2015-10-09T04:45:48Z">
      <class name="Logout">
        <test-method status="PASS" signature="Logoutapp()[pri:0, instance:Logout@2a0aa21e]" name="Logoutapp" duration-ms="9039" started-at="2015-10-09T10:15:39Z" finished-at="2015-10-09T10:15:48Z">
          <reporter-output>
          </reporter-output>
        </test-method> <!-- Logoutapp -->
      </class> <!-- Logout -->
    </test> <!-- Test5 -->
  </suite> <!-- Suite -->
</testng-results>
