<?xml version="1.0" encoding="UTF-8"?>
<!-- Generated by org.testng.reporters.JUnitReportReporter -->
<testsuite hostname="POPTesting-PC" name="SearchSpa" tests="8" failures="1" timestamp="9 Oct 2015 04:45:48 GMT" time="65.117" errors="0">
  <testcase name="Product_Sel" time="23.619" classname="SearchSpa"/>
  <testcase name="Time_sel" time="5.690" classname="SearchSpa"/>
  <testcase name="search" time="5.249" classname="SearchSpa"/>
  <testcase name="Book_Details" time="16.520" classname="SearchSpa">
    <failure type="org.openqa.selenium.NoSuchElementException" message="An element could not be located on the page using the given search parameters. (WARNING: The server did not provide any stacktrace information)
Command duration or timeout: 16.51 seconds
For documentation on this error, please visit: http://seleniumhq.org/exceptions/no_such_element.html
Build info: version: &#039;2.47.1&#039;, revision: &#039;411b314&#039;, time: &#039;2015-07-30 03:03:16&#039;
System info: host: &#039;POPTesting-PC&#039;, ip: &#039;10.10.6.122&#039;, os.name: &#039;Windows 7&#039;, os.arch: &#039;amd64&#039;, os.version: &#039;6.1&#039;, java.version: &#039;1.7.0_60&#039;
*** Element info: {Using=-android uiautomator, value=new UiScrollable(new UiSelector().scrollable(true).instance(0)).scrollIntoView(new UiSelector().description(&quot;Person Details&quot;).instance(0));new UiScrollable(new UiSelector().scrollable(true).instance(0)).scrollIntoView(new UiSelector().text(&quot;Person Details&quot;).instance(0));}
Session ID: 2894f3e1-5c0d-45f4-8bfc-4621c6786c34
Driver info: io.appium.java_client.android.AndroidDriver
Capabilities [{platformVersion=5.0.2, app=E:\apk\Unicorn\Unicorn_v0.4.apk, platform=LINUX, databaseEnabled=false, javascriptEnabled=true, deviceName=HT35JW912039, platformName=Android, browserName=, app-package=com.popcorn.unicorn, webStorageEnabled=false, networkConnectionEnabled=true, app-activity=com.popcorn.unicorn.MainActivity, desired={app=E:\apk\Unicorn\Unicorn_v0.4.apk, platformVersion=5.1.1, platformName=Android, deviceName=emulator-5554, browserName=, app-package=com.popcorn.unicorn, app-activity=com.popcorn.unicorn.MainActivity}, locationContextEnabled=false, warnings={}, takesScreenshot=true}]">
      <![CDATA[org.openqa.selenium.NoSuchElementException: An element could not be located on the page using the given search parameters. (WARNING: The server did not provide any stacktrace information)
Command duration or timeout: 16.51 seconds
For documentation on this error, please visit: http://seleniumhq.org/exceptions/no_such_element.html
Build info: version: '2.47.1', revision: '411b314', time: '2015-07-30 03:03:16'
System info: host: 'POPTesting-PC', ip: '10.10.6.122', os.name: 'Windows 7', os.arch: 'amd64', os.version: '6.1', java.version: '1.7.0_60'
*** Element info: {Using=-android uiautomator, value=new UiScrollable(new UiSelector().scrollable(true).instance(0)).scrollIntoView(new UiSelector().description("Person Details").instance(0));new UiScrollable(new UiSelector().scrollable(true).instance(0)).scrollIntoView(new UiSelector().text("Person Details").instance(0));}
Session ID: 2894f3e1-5c0d-45f4-8bfc-4621c6786c34
Driver info: io.appium.java_client.android.AndroidDriver
Capabilities [{platformVersion=5.0.2, app=E:\apk\Unicorn\Unicorn_v0.4.apk, platform=LINUX, databaseEnabled=false, javascriptEnabled=true, deviceName=HT35JW912039, platformName=Android, browserName=, app-package=com.popcorn.unicorn, webStorageEnabled=false, networkConnectionEnabled=true, app-activity=com.popcorn.unicorn.MainActivity, desired={app=E:\apk\Unicorn\Unicorn_v0.4.apk, platformVersion=5.1.1, platformName=Android, deviceName=emulator-5554, browserName=, app-package=com.popcorn.unicorn, app-activity=com.popcorn.unicorn.MainActivity}, locationContextEnabled=false, warnings={}, takesScreenshot=true}]
	at sun.reflect.NativeConstructorAccessorImpl.newInstance0(Native Method)
	at sun.reflect.NativeConstructorAccessorImpl.newInstance(Unknown Source)
	at sun.reflect.DelegatingConstructorAccessorImpl.newInstance(Unknown Source)
	at java.lang.reflect.Constructor.newInstance(Unknown Source)
	at org.openqa.selenium.remote.ErrorHandler.createThrowable(ErrorHandler.java:206)
	at org.openqa.selenium.remote.ErrorHandler.throwIfResponseFailed(ErrorHandler.java:158)
	at org.openqa.selenium.remote.RemoteWebDriver.execute(RemoteWebDriver.java:595)
	at io.appium.java_client.DefaultGenericMobileDriver.execute(DefaultGenericMobileDriver.java:42)
	at io.appium.java_client.AppiumDriver.execute(AppiumDriver.java:1)
	at io.appium.java_client.android.AndroidDriver.execute(AndroidDriver.java:1)
	at org.openqa.selenium.remote.RemoteWebDriver.findElement(RemoteWebDriver.java:348)
	at io.appium.java_client.android.AndroidDriver.findElementByAndroidUIAutomator(AndroidDriver.java:334)
	at io.appium.java_client.android.AndroidDriver.scrollToExact(AndroidDriver.java:112)
	at SearchSpa.Book_Details(SearchSpa.java:220)
	at sun.reflect.NativeMethodAccessorImpl.invoke0(Native Method)
	at sun.reflect.NativeMethodAccessorImpl.invoke(Unknown Source)
	at sun.reflect.DelegatingMethodAccessorImpl.invoke(Unknown Source)
	at java.lang.reflect.Method.invoke(Unknown Source)
	at org.testng.internal.MethodInvocationHelper.invokeMethod(MethodInvocationHelper.java:84)
	at org.testng.internal.Invoker.invokeMethod(Invoker.java:714)
	at org.testng.internal.Invoker.invokeTestMethod(Invoker.java:901)
	at org.testng.internal.Invoker.invokeTestMethods(Invoker.java:1231)
	at org.testng.internal.TestMethodWorker.invokeTestMethods(TestMethodWorker.java:127)
	at org.testng.internal.TestMethodWorker.run(TestMethodWorker.java:111)
	at org.testng.TestRunner.privateRun(TestRunner.java:767)
	at org.testng.TestRunner.run(TestRunner.java:617)
	at org.testng.SuiteRunner.runTest(SuiteRunner.java:334)
	at org.testng.SuiteRunner.runSequentially(SuiteRunner.java:329)
	at org.testng.SuiteRunner.privateRun(SuiteRunner.java:291)
	at org.testng.SuiteRunner.run(SuiteRunner.java:240)
	at org.testng.SuiteRunnerWorker.runSuite(SuiteRunnerWorker.java:52)
	at org.testng.SuiteRunnerWorker.run(SuiteRunnerWorker.java:86)
	at org.testng.TestNG.runSuitesSequentially(TestNG.java:1224)
	at org.testng.TestNG.runSuitesLocally(TestNG.java:1149)
	at org.testng.TestNG.run(TestNG.java:1057)
	at org.testng.remote.RemoteTestNG.run(RemoteTestNG.java:111)
	at org.testng.remote.RemoteTestNG.initAndRun(RemoteTestNG.java:204)
	at org.testng.remote.RemoteTestNG.main(RemoteTestNG.java:175)
]]>
    </failure>
  </testcase> <!-- Book_Details -->
  <testcase name="Book" time="0.012" classname="SearchSpa"/>
  <testcase name="Date_sel" time="8.240" classname="SearchSpa"/>
  <testcase name="Service_sel" time="3.550" classname="SearchSpa"/>
  <testcase name="Staff_sel" time="2.237" classname="SearchSpa"/>
</testsuite> <!-- SearchSpa -->
